[0m23:15:11.863767 [debug] [MainThread]: Sending event: {'category': 'dbt', 'action': 'invocation', 'label': 'start', 'context': [<snowplow_tracker.self_describing_json.SelfDescribingJson object at 0x7f3d2c96f040>, <snowplow_tracker.self_describing_json.SelfDescribingJson object at 0x7f3d2af0da20>, <snowplow_tracker.self_describing_json.SelfDescribingJson object at 0x7f3d2af0d9c0>]}


============================== 23:15:11.867189 | 5aa3d4fb-ada3-48fe-818f-175138e8ec3b ==============================
[0m23:15:11.867189 [info ] [MainThread]: Running with dbt=1.8.7
[0m23:15:11.868037 [debug] [MainThread]: running dbt with arguments {'printer_width': '80', 'indirect_selection': 'eager', 'log_cache_events': 'False', 'write_json': 'True', 'partial_parse': 'True', 'cache_selected_only': 'False', 'profiles_dir': '/home/sammigachuhi/.dbt', 'debug': 'False', 'warn_error': 'None', 'log_path': 'logs', 'version_check': 'True', 'fail_fast': 'False', 'use_colors': 'True', 'use_experimental_parser': 'False', 'empty': 'None', 'quiet': 'False', 'no_print': 'None', 'warn_error_options': 'WarnErrorOptions(include=[], exclude=[])', 'introspect': 'True', 'log_format': 'default', 'static_parser': 'True', 'target_path': 'None', 'invocation_command': 'dbt init', 'send_anonymous_usage_stats': 'True'}
[0m23:15:31.855762 [debug] [MainThread]: Starter project path: /home/sammigachuhi/dbt_book2/venv/lib/python3.10/site-packages/dbt/include/starter_project
[0m23:15:31.865725 [info ] [MainThread]: 
Your new dbt project "dbt_book" was created!

For more information on how to configure the profiles.yml file,
please consult the dbt documentation here:

  https://docs.getdbt.com/docs/configure-your-profile

One more thing:

Need help? Don't hesitate to reach out to us via GitHub issues or on Slack:

  https://community.getdbt.com/

Happy modeling!

[0m23:15:31.866844 [info ] [MainThread]: Setting up your profile.
[0m23:18:13.251740 [info ] [MainThread]: Profile dbt_book written to /home/sammigachuhi/.dbt/profiles.yml using target's profile_template.yml and your supplied values. Run 'dbt debug' to validate the connection.
[0m23:18:13.253916 [debug] [MainThread]: Resource report: {"command_name": "init", "command_success": true, "command_wall_clock_time": 181.45363, "process_user_time": 2.45118, "process_kernel_time": 0.161394, "process_mem_max_rss": "202992", "process_out_blocks": "80", "process_in_blocks": "0"}
[0m23:18:13.258252 [debug] [MainThread]: Command `dbt init` succeeded at 23:18:13.257699 after 181.46 seconds
[0m23:18:13.263761 [debug] [MainThread]: Sending event: {'category': 'dbt', 'action': 'invocation', 'label': 'end', 'context': [<snowplow_tracker.self_describing_json.SelfDescribingJson object at 0x7f3d2c96f040>, <snowplow_tracker.self_describing_json.SelfDescribingJson object at 0x7f3d2b68bfa0>, <snowplow_tracker.self_describing_json.SelfDescribingJson object at 0x7f3d2af0fca0>]}
[0m23:18:13.264983 [debug] [MainThread]: Flushing usage events
